Base path: /Applications/Unity/Unity.app/Contents
Cmd: initializeCompiler
Cmd: compileComputeKernel
  api=14 insize=7330 outsize=10693 ok=1
Cmd: translateComputeKernel
  api=14 insize=10693 outsize=18705 ok=1
Cmd: compileComputeKernel
  api=14 insize=5004 outsize=5509 ok=1
Cmd: translateComputeKernel
  api=14 insize=5765 outsize=8357 ok=1
Cmd: compileComputeKernel
  api=14 insize=9166 outsize=9705 ok=1
Cmd: translateComputeKernel
  api=14 insize=9705 outsize=16577 ok=1
Cmd: compileComputeKernel
  api=14 insize=1470 outsize=1053 ok=1
Cmd: translateComputeKernel
  api=14 insize=1049 outsize=1069 ok=1
Cmd: compileComputeKernel
  api=14 insize=654 outsize=1093 ok=1
Cmd: translateComputeKernel
  api=14 insize=1093 outsize=1081 ok=1
Cmd: compileComputeKernel
  api=14 insize=1454 outsize=1193 ok=1
Cmd: compileComputeKernel
  api=14 insize=16784 outsize=5393 ok=1
Cmd: compileComputeKernel
  api=14 insize=16784 outsize=6785 ok=1
Cmd: compileComputeKernel
  api=14 insize=16784 outsize=5993 ok=1
Cmd: compileComputeKernel
  api=14 insize=16784 outsize=7073 ok=1
Cmd: compileComputeKernel
  api=14 insize=16784 outsize=8157 ok=1
Cmd: compileComputeKernel
  api=14 insize=16784 outsize=9233 ok=1
Cmd: compileComputeKernel
  api=14 insize=16784 outsize=7469 ok=1
Cmd: compileComputeKernel
  api=14 insize=16784 outsize=8453 ok=1
Cmd: compileComputeKernel
  api=14 insize=16784 outsize=10421 ok=1
Cmd: compileComputeKernel
  api=14 insize=16784 outsize=7925 ok=1
Cmd: compileComputeKernel
  api=14 insize=16784 outsize=9009 ok=1
Cmd: compileComputeKernel
  api=14 insize=16784 outsize=9221 ok=1
Cmd: compileComputeKernel
  api=14 insize=16784 outsize=9265 ok=1
Cmd: compileComputeKernel
  api=14 insize=16784 outsize=11233 ok=1
Cmd: compileComputeKernel
  api=14 insize=16784 outsize=9469 ok=1
Cmd: compileComputeKernel
  api=14 insize=16784 outsize=10909 ok=1
Cmd: translateComputeKernel
  api=14 insize=5853 outsize=10385 ok=1
Cmd: translateComputeKernel
  api=14 insize=7245 outsize=13221 ok=1
Cmd: translateComputeKernel
  api=14 insize=6417 outsize=11129 ok=1
Cmd: translateComputeKernel
  api=14 insize=7425 outsize=13205 ok=1
Cmd: translateComputeKernel
  api=14 insize=7301 outsize=12881 ok=1
Cmd: translateComputeKernel
  api=14 insize=9269 outsize=16937 ok=1
Cmd: translateComputeKernel
  api=14 insize=7545 outsize=13825 ok=1
Cmd: translateComputeKernel
  api=14 insize=8529 outsize=15873 ok=1
Cmd: translateComputeKernel
  api=14 insize=10497 outsize=19889 ok=1
Cmd: translateComputeKernel
  api=14 insize=8313 outsize=15629 ok=1
Cmd: translateComputeKernel
  api=14 insize=7485 outsize=13545 ok=1
Cmd: translateComputeKernel
  api=14 insize=8565 outsize=15781 ok=1
Cmd: translateComputeKernel
  api=14 insize=9649 outsize=17797 ok=1
Cmd: translateComputeKernel
  api=14 insize=10285 outsize=19305 ok=1
Cmd: translateComputeKernel
  api=14 insize=11945 outsize=22421 ok=1
Cmd: translateComputeKernel
  api=14 insize=10001 outsize=19241 ok=1
Cmd: translateComputeKernel
  api=14 insize=11969 outsize=23257 ok=1
Cmd: initializeCompiler
Cmd: initializeCompiler

Quitting shader compiler process
